[ 2019-05-08T13:55:59+08:00 ] 127.0.0.1 /admin
INFO: [ app_init ] --START--
INFO: Run Behavior\BuildLiteBehavior [ RunTime:0.000009s ]
INFO: [ app_init ] --END-- [ RunTime:0.000585s ]
INFO: [ app_begin ] --START--
INFO: Run Behavior\ReadHtmlCacheBehavior [ RunTime:0.000857s ]
INFO: [ app_begin ] --END-- [ RunTime:0.000888s ]

[ 2019-05-08T13:55:59+08:00 ] 127.0.0.1 /Admin/Index/login
INFO: [ app_init ] --START--
INFO: Run Behavior\BuildLiteBehavior [ RunTime:0.000009s ]
INFO: [ app_init ] --END-- [ RunTime:0.000583s ]
INFO: [ app_begin ] --START--
INFO: Run Behavior\ReadHtmlCacheBehavior [ RunTime:0.000866s ]
INFO: [ app_begin ] --END-- [ RunTime:0.000898s ]
INFO: [ view_parse ] --START--
INFO: [ template_filter ] --START--
INFO: Run Behavior\ContentReplaceBehavior [ RunTime:0.000899s ]
INFO: [ template_filter ] --END-- [ RunTime:0.000933s ]
INFO: Run Behavior\ParseTemplateBehavior [ RunTime:0.010912s ]
INFO: [ view_parse ] --END-- [ RunTime:0.010942s ]
INFO: [ view_filter ] --START--
INFO: Run Behavior\WriteHtmlCacheBehavior [ RunTime:0.000701s ]
INFO: [ view_filter ] --END-- [ RunTime:0.000726s ]
INFO: [ app_end ] --START--
INFO: Run Behavior\ShowPageTraceBehavior [ RunTime:0.000952s ]
INFO: [ app_end ] --END-- [ RunTime:0.000979s ]

[ 2019-05-08T13:55:59+08:00 ] 127.0.0.1 /Admin/Index/verify
INFO: [ app_init ] --START--
INFO: Run Behavior\BuildLiteBehavior [ RunTime:0.000010s ]
INFO: [ app_init ] --END-- [ RunTime:0.000624s ]
INFO: [ app_begin ] --START--
INFO: Run Behavior\ReadHtmlCacheBehavior [ RunTime:0.000994s ]
INFO: [ app_begin ] --END-- [ RunTime:0.001026s ]
INFO: [ app_end ] --START--
INFO: Run Behavior\ShowPageTraceBehavior [ RunTime:0.001116s ]
INFO: [ app_end ] --END-- [ RunTime:0.001161s ]

[ 2019-05-08T13:56:06+08:00 ] 127.0.0.1 /Admin/Index/verify/0.5356973961526363
INFO: [ app_init ] --START--
INFO: Run Behavior\BuildLiteBehavior [ RunTime:0.000009s ]
INFO: [ app_init ] --END-- [ RunTime:0.000564s ]
INFO: [ app_begin ] --START--
INFO: Run Behavior\ReadHtmlCacheBehavior [ RunTime:0.000790s ]
INFO: [ app_begin ] --END-- [ RunTime:0.000822s ]
INFO: [ app_end ] --START--
INFO: Run Behavior\ShowPageTraceBehavior [ RunTime:0.000910s ]
INFO: [ app_end ] --END-- [ RunTime:0.000944s ]

[ 2019-05-08T13:56:09+08:00 ] 127.0.0.1 /Admin/Index/login
INFO: [ app_init ] --START--
INFO: Run Behavior\BuildLiteBehavior [ RunTime:0.000008s ]
INFO: [ app_init ] --END-- [ RunTime:0.000517s ]
INFO: [ app_begin ] --START--
INFO: Run Behavior\ReadHtmlCacheBehavior [ RunTime:0.000813s ]
INFO: [ app_begin ] --END-- [ RunTime:0.000848s ]
SQL: SHOW COLUMNS FROM `tb_users` [ RunTime:0.0019s ]
SQL: SELECT * FROM `tb_users` WHERE ( name='admin' ) LIMIT 1   [ RunTime:0.0004s ]
SQL: SELECT * FROM `tb_users` WHERE ( name='admin' AND password='e10adc3949ba59abbe56e057f20f883e' ) LIMIT 1   [ RunTime:0.0004s ]
SQL: UPDATE `tb_users` SET `last_login_time`='1557294969',`last_login_ip`='127.0.0.1' WHERE ( id=1 ) [ RunTime:0.0011s ]

[ 2019-05-08T13:56:09+08:00 ] 127.0.0.1 /Admin/Index/index
INFO: [ app_init ] --START--
INFO: Run Behavior\BuildLiteBehavior [ RunTime:0.000009s ]
INFO: [ app_init ] --END-- [ RunTime:0.000538s ]
INFO: [ app_begin ] --START--
INFO: Run Behavior\ReadHtmlCacheBehavior [ RunTime:0.000796s ]
INFO: [ app_begin ] --END-- [ RunTime:0.000827s ]
SQL: SHOW COLUMNS FROM `tb_user_group_access` [ RunTime:0.0014s ]
SQL: SELECT aga.user_id,aga.group_id,ag.name,ag.rules FROM tb_user_group_access AS aga LEFT JOIN tb_user_group AS ag ON aga.group_id=ag.id  WHERE ( aga.user_id=1 AND aga.status=1 ) ORDER BY aga.sort ASC  [ RunTime:0.0010s ]
SQL: SHOW COLUMNS FROM `tb_rules` [ RunTime:0.0012s ]
SQL: SELECT `id`,`pid`,`name`,`title`,`type` FROM `tb_rules` WHERE ( status=1 AND id IN(1,2,4,16,17,18,19,5,10,8,9,3,6,14,7,12,15,13,11,20,21,22,23,24,25,26,27,28,29,30,31,32,33,34) ) ORDER BY sort ASC  [ RunTime:0.0006s ]
INFO: [ view_parse ] --START--
INFO: [ template_filter ] --START--
INFO: Run Behavior\ContentReplaceBehavior [ RunTime:0.000109s ]
INFO: [ template_filter ] --END-- [ RunTime:0.000139s ]
SQL: SHOW COLUMNS FROM `tb_user_group_access` [ RunTime:0.0007s ]
SQL: SELECT aga.user_id,aga.group_id,ag.name,ag.rules FROM tb_user_group_access AS aga LEFT JOIN tb_user_group AS ag ON aga.group_id=ag.id  WHERE ( aga.user_id=1 AND aga.status=1 ) ORDER BY aga.sort ASC  [ RunTime:0.0004s ]
SQL: SHOW COLUMNS FROM `tb_rules` [ RunTime:0.0006s ]
SQL: SELECT `id`,`pid`,`name`,`title`,`type` FROM `tb_rules` WHERE ( status=1 AND id IN(1,2,4,16,17,18,19,5,10,8,9,3,6,14,7,12,15,13,11,20,21,22,23,24,25,26,27,28,29,30,31,32,33,34) ) ORDER BY sort ASC  [ RunTime:0.0005s ]
INFO: Run Behavior\ParseTemplateBehavior [ RunTime:0.016900s ]
INFO: [ view_parse ] --END-- [ RunTime:0.016928s ]
INFO: [ view_filter ] --START--
INFO: Run Behavior\WriteHtmlCacheBehavior [ RunTime:0.000692s ]
INFO: [ view_filter ] --END-- [ RunTime:0.000718s ]
INFO: [ app_end ] --START--
INFO: Run Behavior\ShowPageTraceBehavior [ RunTime:0.000899s ]
INFO: [ app_end ] --END-- [ RunTime:0.000932s ]

[ 2019-05-08T13:56:09+08:00 ] 127.0.0.1 /Admin/Index/welcome?_=1557294969525
INFO: [ app_init ] --START--
INFO: Run Behavior\BuildLiteBehavior [ RunTime:0.000011s ]
INFO: [ app_init ] --END-- [ RunTime:0.000657s ]
INFO: [ app_begin ] --START--
INFO: Run Behavior\ReadHtmlCacheBehavior [ RunTime:0.001294s ]
INFO: [ app_begin ] --END-- [ RunTime:0.001331s ]
INFO: [ view_parse ] --START--
INFO: [ template_filter ] --START--
INFO: Run Behavior\ContentReplaceBehavior [ RunTime:0.000032s ]
INFO: [ template_filter ] --END-- [ RunTime:0.000071s ]
INFO: Run Behavior\ParseTemplateBehavior [ RunTime:0.009596s ]
INFO: [ view_parse ] --END-- [ RunTime:0.009630s ]
INFO: [ view_filter ] --START--
INFO: Run Behavior\WriteHtmlCacheBehavior [ RunTime:0.000780s ]
INFO: [ view_filter ] --END-- [ RunTime:0.000805s ]
INFO: [ app_end ] --START--
INFO: Run Behavior\ShowPageTraceBehavior [ RunTime:0.001109s ]
INFO: [ app_end ] --END-- [ RunTime:0.001138s ]

[ 2019-05-08T13:58:59+08:00 ] 127.0.0.1 /Admin/Auth/ruleList?_=1557295139522
INFO: [ app_init ] --START--
INFO: Run Behavior\BuildLiteBehavior [ RunTime:0.000011s ]
INFO: [ app_init ] --END-- [ RunTime:0.000600s ]
INFO: [ app_begin ] --START--
INFO: Run Behavior\ReadHtmlCacheBehavior [ RunTime:0.001395s ]
INFO: [ app_begin ] --END-- [ RunTime:0.001438s ]
SQL: SHOW COLUMNS FROM `tb_user_group_access` [ RunTime:0.0014s ]
SQL: SELECT aga.user_id,aga.group_id,ag.name,ag.rules FROM tb_user_group_access AS aga LEFT JOIN tb_user_group AS ag ON aga.group_id=ag.id  WHERE ( aga.user_id=1 AND aga.status=1 ) ORDER BY aga.sort ASC  [ RunTime:0.0010s ]
SQL: SHOW COLUMNS FROM `tb_rules` [ RunTime:0.0012s ]
SQL: SELECT `id`,`pid`,`name`,`title`,`type` FROM `tb_rules` WHERE ( status=1 AND id IN(1,2,4,16,17,18,19,5,10,8,9,3,6,14,7,12,15,13,11,20,21,22,23,24,25,26,27,28,29,30,31,32,33,34) ) ORDER BY sort ASC  [ RunTime:0.0006s ]
SQL: SHOW COLUMNS FROM `tb_rules` [ RunTime:0.0006s ]
SQL: SELECT `id`,`pid`,`name`,`title` FROM `tb_rules` WHERE ( status=1 ) ORDER BY sort ASC  [ RunTime:0.0004s ]
SQL: SELECT r.*,r2.title AS ptitle FROM tb_rules r LEFT JOIN tb_rules AS r2 ON r.pid=r2.id  ORDER BY r.sort ASC  [ RunTime:0.0017s ]
INFO: [ view_parse ] --START--
INFO: [ template_filter ] --START--
INFO: Run Behavior\ContentReplaceBehavior [ RunTime:0.000048s ]
INFO: [ template_filter ] --END-- [ RunTime:0.000081s ]
SQL: SHOW COLUMNS FROM `tb_user_group_access` [ RunTime:0.0008s ]
SQL: SELECT aga.user_id,aga.group_id,ag.name,ag.rules FROM tb_user_group_access AS aga LEFT JOIN tb_user_group AS ag ON aga.group_id=ag.id  WHERE ( aga.user_id=1 AND aga.status=1 ) ORDER BY aga.sort ASC  [ RunTime:0.0004s ]
SQL: SHOW COLUMNS FROM `tb_rules` [ RunTime:0.0006s ]
SQL: SELECT `id`,`pid`,`name`,`title`,`type` FROM `tb_rules` WHERE ( status=1 AND id IN(1,2,4,16,17,18,19,5,10,8,9,3,6,14,7,12,15,13,11,20,21,22,23,24,25,26,27,28,29,30,31,32,33,34) ) ORDER BY sort ASC  [ RunTime:0.0005s ]
SQL: SHOW COLUMNS FROM `tb_user_group_access` [ RunTime:0.0006s ]
SQL: SELECT aga.user_id,aga.group_id,ag.name,ag.rules FROM tb_user_group_access AS aga LEFT JOIN tb_user_group AS ag ON aga.group_id=ag.id  WHERE ( aga.user_id=1 AND aga.status=1 ) ORDER BY aga.sort ASC  [ RunTime:0.0003s ]
SQL: SHOW COLUMNS FROM `tb_rules` [ RunTime:0.0006s ]
SQL: SELECT `id`,`pid`,`name`,`title`,`type` FROM `tb_rules` WHERE ( status=1 AND id IN(1,2,4,16,17,18,19,5,10,8,9,3,6,14,7,12,15,13,11,20,21,22,23,24,25,26,27,28,29,30,31,32,33,34) ) ORDER BY sort ASC  [ RunTime:0.0005s ]
SQL: SHOW COLUMNS FROM `tb_user_group_access` [ RunTime:0.0006s ]
SQL: SELECT aga.user_id,aga.group_id,ag.name,ag.rules FROM tb_user_group_access AS aga LEFT JOIN tb_user_group AS ag ON aga.group_id=ag.id  WHERE ( aga.user_id=1 AND aga.status=1 ) ORDER BY aga.sort ASC  [ RunTime:0.0003s ]
SQL: SHOW COLUMNS FROM `tb_rules` [ RunTime:0.0007s ]
SQL: SELECT `id`,`pid`,`name`,`title`,`type` FROM `tb_rules` WHERE ( status=1 AND id IN(1,2,4,16,17,18,19,5,10,8,9,3,6,14,7,12,15,13,11,20,21,22,23,24,25,26,27,28,29,30,31,32,33,34) ) ORDER BY sort ASC  [ RunTime:0.0005s ]
INFO: Run Behavior\ParseTemplateBehavior [ RunTime:0.017783s ]
INFO: [ view_parse ] --END-- [ RunTime:0.017806s ]
INFO: [ view_filter ] --START--
INFO: Run Behavior\WriteHtmlCacheBehavior [ RunTime:0.000787s ]
INFO: [ view_filter ] --END-- [ RunTime:0.000811s ]
INFO: [ app_end ] --START--
INFO: Run Behavior\ShowPageTraceBehavior [ RunTime:0.001055s ]
INFO: [ app_end ] --END-- [ RunTime:0.001088s ]

[ 2019-05-08T13:59:11+08:00 ] 127.0.0.1 /Admin/Auth/userGroupList?_=1557295151127
INFO: [ app_init ] --START--
INFO: Run Behavior\BuildLiteBehavior [ RunTime:0.000010s ]
INFO: [ app_init ] --END-- [ RunTime:0.000547s ]
INFO: [ app_begin ] --START--
INFO: Run Behavior\ReadHtmlCacheBehavior [ RunTime:0.000921s ]
INFO: [ app_begin ] --END-- [ RunTime:0.000950s ]
SQL: SHOW COLUMNS FROM `tb_user_group_access` [ RunTime:0.0014s ]
SQL: SELECT aga.user_id,aga.group_id,ag.name,ag.rules FROM tb_user_group_access AS aga LEFT JOIN tb_user_group AS ag ON aga.group_id=ag.id  WHERE ( aga.user_id=1 AND aga.status=1 ) ORDER BY aga.sort ASC  [ RunTime:0.0010s ]
SQL: SHOW COLUMNS FROM `tb_rules` [ RunTime:0.0012s ]
SQL: SELECT `id`,`pid`,`name`,`title`,`type` FROM `tb_rules` WHERE ( status=1 AND id IN(1,2,4,16,17,18,19,5,10,8,9,3,6,14,7,12,15,13,11,20,21,22,23,24,25,26,27,28,29,30,31,32,33,34) ) ORDER BY sort ASC  [ RunTime:0.0006s ]
SQL: SHOW COLUMNS FROM `tb_user_group` [ RunTime:0.0006s ]
SQL: SELECT COUNT(*) AS tp_count FROM `tb_user_group` WHERE ( 1=1  ) LIMIT 1   [ RunTime:0.0002s ]
SQL: SELECT * FROM `tb_user_group` WHERE ( 1=1  ) ORDER BY id DESC LIMIT 0,30   [ RunTime:0.0003s ]
INFO: [ view_parse ] --START--
INFO: [ template_filter ] --START--
INFO: Run Behavior\ContentReplaceBehavior [ RunTime:0.000037s ]
INFO: [ template_filter ] --END-- [ RunTime:0.000063s ]
NOTIC: [8] Undefined index: name D:\wwwroot\tp-admin\Runtime\Cache\Admin\f7bfe21625a5f0d212177cd850cdd2a0.php 第 8 行.
SQL: SHOW COLUMNS FROM `tb_user_group_access` [ RunTime:0.0008s ]
SQL: SELECT aga.user_id,aga.group_id,ag.name,ag.rules FROM tb_user_group_access AS aga LEFT JOIN tb_user_group AS ag ON aga.group_id=ag.id  WHERE ( aga.user_id=1 AND aga.status=1 ) ORDER BY aga.sort ASC  [ RunTime:0.0004s ]
SQL: SHOW COLUMNS FROM `tb_rules` [ RunTime:0.0006s ]
SQL: SELECT `id`,`pid`,`name`,`title`,`type` FROM `tb_rules` WHERE ( status=1 AND id IN(1,2,4,16,17,18,19,5,10,8,9,3,6,14,7,12,15,13,11,20,21,22,23,24,25,26,27,28,29,30,31,32,33,34) ) ORDER BY sort ASC  [ RunTime:0.0006s ]
SQL: SHOW COLUMNS FROM `tb_user_group_access` [ RunTime:0.0006s ]
SQL: SELECT aga.user_id,aga.group_id,ag.name,ag.rules FROM tb_user_group_access AS aga LEFT JOIN tb_user_group AS ag ON aga.group_id=ag.id  WHERE ( aga.user_id=1 AND aga.status=1 ) ORDER BY aga.sort ASC  [ RunTime:0.0003s ]
SQL: SHOW COLUMNS FROM `tb_rules` [ RunTime:0.0006s ]
SQL: SELECT `id`,`pid`,`name`,`title`,`type` FROM `tb_rules` WHERE ( status=1 AND id IN(1,2,4,16,17,18,19,5,10,8,9,3,6,14,7,12,15,13,11,20,21,22,23,24,25,26,27,28,29,30,31,32,33,34) ) ORDER BY sort ASC  [ RunTime:0.0005s ]
SQL: SHOW COLUMNS FROM `tb_user_group_access` [ RunTime:0.0006s ]
SQL: SELECT aga.user_id,aga.group_id,ag.name,ag.rules FROM tb_user_group_access AS aga LEFT JOIN tb_user_group AS ag ON aga.group_id=ag.id  WHERE ( aga.user_id=1 AND aga.status=1 ) ORDER BY aga.sort ASC  [ RunTime:0.0003s ]
SQL: SHOW COLUMNS FROM `tb_rules` [ RunTime:0.0006s ]
SQL: SELECT `id`,`pid`,`name`,`title`,`type` FROM `tb_rules` WHERE ( status=1 AND id IN(1,2,4,16,17,18,19,5,10,8,9,3,6,14,7,12,15,13,11,20,21,22,23,24,25,26,27,28,29,30,31,32,33,34) ) ORDER BY sort ASC  [ RunTime:0.0005s ]
SQL: SHOW COLUMNS FROM `tb_user_group_access` [ RunTime:0.0006s ]
SQL: SELECT aga.user_id,aga.group_id,ag.name,ag.rules FROM tb_user_group_access AS aga LEFT JOIN tb_user_group AS ag ON aga.group_id=ag.id  WHERE ( aga.user_id=1 AND aga.status=1 ) ORDER BY aga.sort ASC  [ RunTime:0.0003s ]
SQL: SHOW COLUMNS FROM `tb_rules` [ RunTime:0.0006s ]
SQL: SELECT `id`,`pid`,`name`,`title`,`type` FROM `tb_rules` WHERE ( status=1 AND id IN(1,2,4,16,17,18,19,5,10,8,9,3,6,14,7,12,15,13,11,20,21,22,23,24,25,26,27,28,29,30,31,32,33,34) ) ORDER BY sort ASC  [ RunTime:0.0005s ]
INFO: Run Behavior\ParseTemplateBehavior [ RunTime:0.018097s ]
INFO: [ view_parse ] --END-- [ RunTime:0.018120s ]
INFO: [ view_filter ] --START--
INFO: Run Behavior\WriteHtmlCacheBehavior [ RunTime:0.000593s ]
INFO: [ view_filter ] --END-- [ RunTime:0.000615s ]
INFO: [ app_end ] --START--
INFO: Run Behavior\ShowPageTraceBehavior [ RunTime:0.000895s ]
INFO: [ app_end ] --END-- [ RunTime:0.000918s ]

[ 2019-05-08T13:59:17+08:00 ] 127.0.0.1 /Admin/Category/categoryList?_=1557295157119
INFO: [ app_init ] --START--
INFO: Run Behavior\BuildLiteBehavior [ RunTime:0.000011s ]
INFO: [ app_init ] --END-- [ RunTime:0.000531s ]
INFO: [ app_begin ] --START--
INFO: Run Behavior\ReadHtmlCacheBehavior [ RunTime:0.000814s ]
INFO: [ app_begin ] --END-- [ RunTime:0.000842s ]
SQL: SHOW COLUMNS FROM `tb_user_group_access` [ RunTime:0.0014s ]
SQL: SELECT aga.user_id,aga.group_id,ag.name,ag.rules FROM tb_user_group_access AS aga LEFT JOIN tb_user_group AS ag ON aga.group_id=ag.id  WHERE ( aga.user_id=1 AND aga.status=1 ) ORDER BY aga.sort ASC  [ RunTime:0.0010s ]
SQL: SHOW COLUMNS FROM `tb_rules` [ RunTime:0.0012s ]
SQL: SELECT `id`,`pid`,`name`,`title`,`type` FROM `tb_rules` WHERE ( status=1 AND id IN(1,2,4,16,17,18,19,5,10,8,9,3,6,14,7,12,15,13,11,20,21,22,23,24,25,26,27,28,29,30,31,32,33,34) ) ORDER BY sort ASC  [ RunTime:0.0006s ]
SQL: SHOW COLUMNS FROM `tb_category` [ RunTime:0.0012s ]
SQL: SELECT `id`,`pid`,`name` FROM `tb_category` WHERE ( status=1 ) ORDER BY sort ASC  [ RunTime:0.0003s ]
SQL: SELECT c.*,c2.name AS pname FROM tb_category c LEFT JOIN tb_category AS c2 ON c.pid=c2.id  ORDER BY c.sort ASC  [ RunTime:0.0010s ]
INFO: [ view_parse ] --START--
INFO: [ template_filter ] --START--
INFO: Run Behavior\ContentReplaceBehavior [ RunTime:0.000048s ]
INFO: [ template_filter ] --END-- [ RunTime:0.000074s ]
SQL: SHOW COLUMNS FROM `tb_user_group_access` [ RunTime:0.0007s ]
SQL: SELECT aga.user_id,aga.group_id,ag.name,ag.rules FROM tb_user_group_access AS aga LEFT JOIN tb_user_group AS ag ON aga.group_id=ag.id  WHERE ( aga.user_id=1 AND aga.status=1 ) ORDER BY aga.sort ASC  [ RunTime:0.0003s ]
SQL: SHOW COLUMNS FROM `tb_rules` [ RunTime:0.0006s ]
SQL: SELECT `id`,`pid`,`name`,`title`,`type` FROM `tb_rules` WHERE ( status=1 AND id IN(1,2,4,16,17,18,19,5,10,8,9,3,6,14,7,12,15,13,11,20,21,22,23,24,25,26,27,28,29,30,31,32,33,34) ) ORDER BY sort ASC  [ RunTime:0.0005s ]
SQL: SHOW COLUMNS FROM `tb_user_group_access` [ RunTime:0.0006s ]
SQL: SELECT aga.user_id,aga.group_id,ag.name,ag.rules FROM tb_user_group_access AS aga LEFT JOIN tb_user_group AS ag ON aga.group_id=ag.id  WHERE ( aga.user_id=1 AND aga.status=1 ) ORDER BY aga.sort ASC  [ RunTime:0.0003s ]
SQL: SHOW COLUMNS FROM `tb_rules` [ RunTime:0.0006s ]
SQL: SELECT `id`,`pid`,`name`,`title`,`type` FROM `tb_rules` WHERE ( status=1 AND id IN(1,2,4,16,17,18,19,5,10,8,9,3,6,14,7,12,15,13,11,20,21,22,23,24,25,26,27,28,29,30,31,32,33,34) ) ORDER BY sort ASC  [ RunTime:0.0005s ]
SQL: SHOW COLUMNS FROM `tb_user_group_access` [ RunTime:0.0005s ]
SQL: SELECT aga.user_id,aga.group_id,ag.name,ag.rules FROM tb_user_group_access AS aga LEFT JOIN tb_user_group AS ag ON aga.group_id=ag.id  WHERE ( aga.user_id=1 AND aga.status=1 ) ORDER BY aga.sort ASC  [ RunTime:0.0003s ]
SQL: SHOW COLUMNS FROM `tb_rules` [ RunTime:0.0006s ]
SQL: SELECT `id`,`pid`,`name`,`title`,`type` FROM `tb_rules` WHERE ( status=1 AND id IN(1,2,4,16,17,18,19,5,10,8,9,3,6,14,7,12,15,13,11,20,21,22,23,24,25,26,27,28,29,30,31,32,33,34) ) ORDER BY sort ASC  [ RunTime:0.0005s ]
INFO: Run Behavior\ParseTemplateBehavior [ RunTime:0.016360s ]
INFO: [ view_parse ] --END-- [ RunTime:0.016383s ]
INFO: [ view_filter ] --START--
INFO: Run Behavior\WriteHtmlCacheBehavior [ RunTime:0.000640s ]
INFO: [ view_filter ] --END-- [ RunTime:0.000663s ]
INFO: [ app_end ] --START--
INFO: Run Behavior\ShowPageTraceBehavior [ RunTime:0.000993s ]
INFO: [ app_end ] --END-- [ RunTime:0.001018s ]

